<?xml version="1.0" encoding="utf-8"?><testsuites name="pytest tests"><testsuite name="pytest" errors="0" failures="0" skipped="0" tests="20" time="26.425" timestamp="2026-07-21T17:29:26.467505+00:00" hostname="agent-env-0e48ec80-255a-4e28-b586-efc5d56672ff"><testcase classname="backend.tests.backend_test" name="test_health_root" time="0.267" /><testcase classname="backend.tests.backend_test.TestAuth" name="test_register_creates_user_and_seeds_data" time="0.441" /><testcase classname="backend.tests.backend_test.TestAuth" name="test_register_duplicate_email_returns_400" time="0.105" /><testcase classname="backend.tests.backend_test.TestAuth" name="test_register_weak_password_returns_400" time="0.132" /><testcase classname="backend.tests.backend_test.TestAuth" name="test_login_success" time="0.364" /><testcase classname="backend.tests.backend_test.TestAuth" name="test_login_wrong_password" time="0.096" /><testcase classname="backend.tests.backend_test.TestAuth" name="test_me_without_cookie_returns_401" time="0.099" /><testcase classname="backend.tests.backend_test.TestAuth" name="test_logout_clears_cookie" time="0.470" /><testcase classname="backend.tests.backend_test.TestGoogleSession" name="test_bearer_session_token_authenticates" time="0.102" /><testcase classname="backend.tests.backend_test.TestBruteForce" name="test_brute_force_lockout_after_5_fails" time="1.205" /><testcase classname="backend.tests.backend_test.TestInstagram" name="test_accounts_and_metrics_flow" time="0.575" /><testcase classname="backend.tests.backend_test.TestInstagram" name="test_metrics_requires_auth" time="0.120" /><testcase classname="backend.tests.backend_test.TestPlansBilling" name="test_plans_public" time="0.114" /><testcase classname="backend.tests.backend_test.TestPlansBilling" name="test_subscription_requires_auth" time="0.101" /><testcase classname="backend.tests.backend_test.TestPlansBilling" name="test_subscription_authenticated" time="0.384" /><testcase classname="backend.tests.backend_test.TestAutomations" name="test_whatsapp_send_simulated" time="0.380" /><testcase classname="backend.tests.backend_test.TestAutomations" name="test_list_messages" time="0.368" /><testcase classname="backend.tests.backend_test.TestAI" name="test_ai_insight_generates_diagnostic" time="9.359" /><testcase classname="backend.tests.backend_test.TestAI" name="test_ai_ideas_generates_content" time="11.153" /><testcase classname="backend.tests.backend_test.TestAI" name="test_ai_usage" time="0.441" /></testsuite></testsuites>