<?xml version="1.0" encoding="utf-8"?><testsuites name="pytest tests"><testsuite name="pytest" errors="0" failures="0" skipped="0" tests="3" time="1.015" timestamp="2026-08-08T03:07:52.130567+00:00" hostname="agent-env-cda0ffd2-a40b-48b4-a78d-4542e35445ee"><testcase classname="backend.tests.backend_test" name="test_health_root" time="0.202" /><testcase classname="backend.tests.backend_test.TestAuth" name="test_login_success" time="0.388" /><testcase classname="backend.tests.backend_test.TestAuth" name="test_login_wrong_password" time="0.211" /></testsuite></testsuites>